The target system is: Linux -  - armv7ahf-vfpv4d16-openbmc
The host system is: Linux - 5.4.0-146-generic - x86_64
Compiling the C compiler identification source file "CMakeCCompilerId.c" succeeded.
Compiler: /usr/bin/cc 
Build flags: ;-O2;-pipe;-g;-feliminate-unused-debug-types;
Id flags:  

The output was:
0


Compilation of the C compiler identification source "CMakeCCompilerId.c" produced "a.out"

The C compiler identification is GNU, found in "/home/keti/KETI_BMC/KETI-APP/app/KETI-SDBUS/CMakeFiles/3.21.1/CompilerIdC/a.out"

Compiling the CXX compiler identification source file "CMakeCXXCompilerId.cpp" succeeded.
Compiler: /usr/bin/c++ 
Build flags: ;-O2;-pipe;-g;-feliminate-unused-debug-types;
Id flags:  

The output was:
0


Compilation of the CXX compiler identification source "CMakeCXXCompilerId.cpp" produced "a.out"

The CXX compiler identification is GNU, found in "/home/keti/KETI_BMC/KETI-APP/app/KETI-SDBUS/CMakeFiles/3.21.1/CompilerIdCXX/a.out"

Detecting C compiler ABI info compiled with the following output:
Change Dir: /home/keti/KETI_BMC/KETI-APP/app/KETI-SDBUS/CMakeFiles/CMakeTmp

Run Build Command(s):/usr/bin/make -f Makefile cmTC_fea8a/fast && /usr/bin/make  -f CMakeFiles/cmTC_fea8a.dir/build.make CMakeFiles/cmTC_fea8a.dir/build
make[1]: Entering directory '/home/keti/KETI_BMC/KETI-APP/app/KETI-SDBUS/CMakeFiles/CMakeTmp'
Building C object CMakeFiles/cmTC_fea8a.dir/CMakeCCompilerABI.c.o
/usr/bin/cc --sysroot=/home/keti/KETI_BMC/KETI-APP/sysroots/armv7ahf-vfpv4d16-openbmc-linux-gnueabi   -O2 -pipe -g -feliminate-unused-debug-types     -v -o CMakeFiles/cmTC_fea8a.dir/CMakeCCompilerABI.c.o -c /home/keti/KETI_BMC/KETI-APP/sysroots/x86_64-oesdk-linux/usr/share/cmake-3.21/Modules/CMakeCCompilerABI.c
Using built-in specs.
COLLECT_GCC=/usr/bin/cc
OFFLOAD_TARGET_NAMES=nvptx-none
OFFLOAD_TARGET_DEFAULT=1
Target: x86_64-linux-gnu
Configured with: ../src/configure -v --with-pkgversion='Ubuntu 7.5.0-3ubuntu1~18.04' --with-bugurl=file:///usr/share/doc/gcc-7/README.Bugs --enable-languages=c,ada,c++,go,brig,d,fortran,objc,obj-c++ --prefix=/usr --with-gcc-major-version-only --program-suffix=-7 --program-prefix=x86_64-linux-gnu- --enable-shared --enable-linker-build-id --libexecdir=/usr/lib --without-included-gettext --enable-threads=posix --libdir=/usr/lib --enable-nls --enable-bootstrap --enable-clocale=gnu --enable-libstdcxx-debug --enable-libstdcxx-time=yes --with-default-libstdcxx-abi=new --enable-gnu-unique-object --disable-vtable-verify --enable-libmpx --enable-plugin --enable-default-pie --with-system-zlib --with-target-system-zlib --enable-objc-gc=auto --enable-multiarch --disable-werror --with-arch-32=i686 --with-abi=m64 --with-multilib-list=m32,m64,mx32 --enable-multilib --with-tune=generic --enable-offload-targets=nvptx-none --without-cuda-driver --enable-checking=release --build=x86_64-linux-gnu --host=x86_64-linux-gnu --target=x86_64-linux-gnu
Thread model: posix
gcc version 7.5.0 (Ubuntu 7.5.0-3ubuntu1~18.04) 
COLLECT_GCC_OPTIONS='-O2' '-pipe' '-g' '-feliminate-unused-debug-types' '-v' '-o' 'CMakeFiles/cmTC_fea8a.dir/CMakeCCompilerABI.c.o' '-c' '-mtune=generic' '-march=x86-64'
 /usr/lib/gcc/x86_64-linux-gnu/7/cc1 -quiet -v -imultiarch x86_64-linux-gnu -isysroot /home/keti/KETI_BMC/KETI-APP/sysroots/armv7ahf-vfpv4d16-openbmc-linux-gnueabi /home/keti/KETI_BMC/KETI-APP/sysroots/x86_64-oesdk-linux/usr/share/cmake-3.21/Modules/CMakeCCompilerABI.c -quiet -dumpbase CMakeCCompilerABI.c -mtune=generic -march=x86-64 -auxbase-strip CMakeFiles/cmTC_fea8a.dir/CMakeCCompilerABI.c.o -g -O2 -version -feliminate-unused-debug-types -fstack-protector-strong -Wformat -Wformat-security -o - |
 as -v --64 -o CMakeFiles/cmTC_fea8a.dir/CMakeCCompilerABI.c.o
GNU C11 (Ubuntu 7.5.0-3ubuntu1~18.04) version 7.5.0 (x86_64-linux-gnu)
	compiled by GNU C version 7.5.0, GMP version 6.1.2, MPFR version 4.0.1, MPC version 1.1.0, isl version isl-0.19-GMP

GGC heuristics: --param ggc-min-expand=100 --param ggc-min-heapsize=131072
GNU assembler version 2.30 (x86_64-linux-gnu) using BFD version (GNU Binutils for Ubuntu) 2.30
ignoring nonexistent directory "/home/keti/KETI_BMC/KETI-APP/sysroots/armv7ahf-vfpv4d16-openbmc-linux-gnueabi/usr/local/include/x86_64-linux-gnu"
ignoring nonexistent directory "/home/keti/KETI_BMC/KETI-APP/sysroots/armv7ahf-vfpv4d16-openbmc-linux-gnueabi/usr/local/include"
ignoring nonexistent directory "/usr/lib/gcc/x86_64-linux-gnu/7/../../../../x86_64-linux-gnu/include"
ignoring nonexistent directory "/home/keti/KETI_BMC/KETI-APP/sysroots/armv7ahf-vfpv4d16-openbmc-linux-gnueabi/usr/include/x86_64-linux-gnu"
#include "..." search starts here:
#include <...> search starts here:
 /usr/lib/gcc/x86_64-linux-gnu/7/include
 /usr/lib/gcc/x86_64-linux-gnu/7/include-fixed
 /home/keti/KETI_BMC/KETI-APP/sysroots/armv7ahf-vfpv4d16-openbmc-linux-gnueabi/usr/include
End of search list.
GNU C11 (Ubuntu 7.5.0-3ubuntu1~18.04) version 7.5.0 (x86_64-linux-gnu)
	compiled by GNU C version 7.5.0, GMP version 6.1.2, MPFR version 4.0.1, MPC version 1.1.0, isl version isl-0.19-GMP

GGC heuristics: --param ggc-min-expand=100 --param ggc-min-heapsize=131072
Compiler executable checksum: b62ed4a2880cd4159476ea8293b72fa8
COMPILER_PATH=/usr/lib/gcc/x86_64-linux-gnu/7/:/usr/lib/gcc/x86_64-linux-gnu/7/:/usr/lib/gcc/x86_64-linux-gnu/:/usr/lib/gcc/x86_64-linux-gnu/7/:/usr/lib/gcc/x86_64-linux-gnu/
LIBRARY_PATH=/usr/lib/gcc/x86_64-linux-gnu/7/:/usr/lib/gcc/x86_64-linux-gnu/7/../../../x86_64-linux-gnu/:/usr/lib/gcc/x86_64-linux-gnu/7/../../../../lib/:/home/keti/KETI_BMC/KETI-APP/sysroots/armv7ahf-vfpv4d16-openbmc-linux-gnueabi/lib/../lib/:/home/keti/KETI_BMC/KETI-APP/sysroots/armv7ahf-vfpv4d16-openbmc-linux-gnueabi/usr/lib/../lib/:/usr/lib/gcc/x86_64-linux-gnu/7/../../../:/home/keti/KETI_BMC/KETI-APP/sysroots/armv7ahf-vfpv4d16-openbmc-linux-gnueabi/lib/:/home/keti/KETI_BMC/KETI-APP/sysroots/armv7ahf-vfpv4d16-openbmc-linux-gnueabi/usr/lib/
COLLECT_GCC_OPTIONS='-O2' '-pipe' '-g' '-feliminate-unused-debug-types' '-v' '-o' 'CMakeFiles/cmTC_fea8a.dir/CMakeCCompilerABI.c.o' '-c' '-mtune=generic' '-march=x86-64'
Linking C executable cmTC_fea8a
/home/keti/KETI_BMC/KETI-APP/sysroots/x86_64-oesdk-linux/usr/bin/cmake -E cmake_link_script CMakeFiles/cmTC_fea8a.dir/link.txt --verbose=1
/usr/bin/cc --sysroot=/home/keti/KETI_BMC/KETI-APP/sysroots/armv7ahf-vfpv4d16-openbmc-linux-gnueabi  -O2 -pipe -g -feliminate-unused-debug-types   -Wl,-O1 -Wl,--hash-style=gnu -Wl,--as-needed  -Wl,-z,relro,-z,now -v -rdynamic CMakeFiles/cmTC_fea8a.dir/CMakeCCompilerABI.c.o -o cmTC_fea8a 
Using built-in specs.
COLLECT_GCC=/usr/bin/cc
COLLECT_LTO_WRAPPER=/usr/lib/gcc/x86_64-linux-gnu/7/lto-wrapper
OFFLOAD_TARGET_NAMES=nvptx-none
OFFLOAD_TARGET_DEFAULT=1
Target: x86_64-linux-gnu
Configured with: ../src/configure -v --with-pkgversion='Ubuntu 7.5.0-3ubuntu1~18.04' --with-bugurl=file:///usr/share/doc/gcc-7/README.Bugs --enable-languages=c,ada,c++,go,brig,d,fortran,objc,obj-c++ --prefix=/usr --with-gcc-major-version-only --program-suffix=-7 --program-prefix=x86_64-linux-gnu- --enable-shared --enable-linker-build-id --libexecdir=/usr/lib --without-included-gettext --enable-threads=posix --libdir=/usr/lib --enable-nls --enable-bootstrap --enable-clocale=gnu --enable-libstdcxx-debug --enable-libstdcxx-time=yes --with-default-libstdcxx-abi=new --enable-gnu-unique-object --disable-vtable-verify --enable-libmpx --enable-plugin --enable-default-pie --with-system-zlib --with-target-system-zlib --enable-objc-gc=auto --enable-multiarch --disable-werror --with-arch-32=i686 --with-abi=m64 --with-multilib-list=m32,m64,mx32 --enable-multilib --with-tune=generic --enable-offload-targets=nvptx-none --without-cuda-driver --enable-checking=release --build=x86_64-linux-gnu --host=x86_64-linux-gnu --target=x86_64-linux-gnu
Thread model: posix
gcc version 7.5.0 (Ubuntu 7.5.0-3ubuntu1~18.04) 
COMPILER_PATH=/usr/lib/gcc/x86_64-linux-gnu/7/:/usr/lib/gcc/x86_64-linux-gnu/7/:/usr/lib/gcc/x86_64-linux-gnu/:/usr/lib/gcc/x86_64-linux-gnu/7/:/usr/lib/gcc/x86_64-linux-gnu/
LIBRARY_PATH=/usr/lib/gcc/x86_64-linux-gnu/7/:/usr/lib/gcc/x86_64-linux-gnu/7/../../../x86_64-linux-gnu/:/usr/lib/gcc/x86_64-linux-gnu/7/../../../../lib/:/home/keti/KETI_BMC/KETI-APP/sysroots/armv7ahf-vfpv4d16-openbmc-linux-gnueabi/lib/../lib/:/home/keti/KETI_BMC/KETI-APP/sysroots/armv7ahf-vfpv4d16-openbmc-linux-gnueabi/usr/lib/../lib/:/usr/lib/gcc/x86_64-linux-gnu/7/../../../:/home/keti/KETI_BMC/KETI-APP/sysroots/armv7ahf-vfpv4d16-openbmc-linux-gnueabi/lib/:/home/keti/KETI_BMC/KETI-APP/sysroots/armv7ahf-vfpv4d16-openbmc-linux-gnueabi/usr/lib/
COLLECT_GCC_OPTIONS='-O2' '-pipe' '-g' '-feliminate-unused-debug-types' '-v' '-rdynamic' '-o' 'cmTC_fea8a' '-mtune=generic' '-march=x86-64'
 /usr/lib/gcc/x86_64-linux-gnu/7/collect2 -plugin /usr/lib/gcc/x86_64-linux-gnu/7/liblto_plugin.so -plugin-opt=/usr/lib/gcc/x86_64-linux-gnu/7/lto-wrapper -plugin-opt=-fresolution=/tmp/ccPFZc8p.res -plugin-opt=-pass-through=-lgcc -plugin-opt=-pass-through=-lgcc_s -plugin-opt=-pass-through=-lc -plugin-opt=-pass-through=-lgcc -plugin-opt=-pass-through=-lgcc_s --sysroot=/home/keti/KETI_BMC/KETI-APP/sysroots/armv7ahf-vfpv4d16-openbmc-linux-gnueabi --build-id --eh-frame-hdr -m elf_x86_64 --hash-style=gnu --as-needed -export-dynamic -dynamic-linker /lib64/ld-linux-x86-64.so.2 -pie -z now -z relro -o cmTC_fea8a /usr/lib/gcc/x86_64-linux-gnu/7/../../../x86_64-linux-gnu/Scrt1.o /usr/lib/gcc/x86_64-linux-gnu/7/../../../x86_64-linux-gnu/crti.o /usr/lib/gcc/x86_64-linux-gnu/7/crtbeginS.o -L/usr/lib/gcc/x86_64-linux-gnu/7 -L/usr/lib/gcc/x86_64-linux-gnu/7/../../../x86_64-linux-gnu -L/usr/lib/gcc/x86_64-linux-gnu/7/../../../../lib -L/home/keti/KETI_BMC/KETI-APP/sysroots/armv7ahf-vfpv4d16-openbmc-linux-gnueabi/lib/../lib -L/home/keti/KETI_BMC/KETI-APP/sysroots/armv7ahf-vfpv4d16-openbmc-linux-gnueabi/usr/lib/../lib -L/usr/lib/gcc/x86_64-linux-gnu/7/../../.. -L/home/keti/KETI_BMC/KETI-APP/sysroots/armv7ahf-vfpv4d16-openbmc-linux-gnueabi/lib -L/home/keti/KETI_BMC/KETI-APP/sysroots/armv7ahf-vfpv4d16-openbmc-linux-gnueabi/usr/lib -O1 --hash-style=gnu --as-needed -z relro -z now CMakeFiles/cmTC_fea8a.dir/CMakeCCompilerABI.c.o -lgcc --push-state --as-needed -lgcc_s --pop-state -lc -lgcc --push-state --as-needed -lgcc_s --pop-state /usr/lib/gcc/x86_64-linux-gnu/7/crtendS.o /usr/lib/gcc/x86_64-linux-gnu/7/../../../x86_64-linux-gnu/crtn.o
COLLECT_GCC_OPTIONS='-O2' '-pipe' '-g' '-feliminate-unused-debug-types' '-v' '-rdynamic' '-o' 'cmTC_fea8a' '-mtune=generic' '-march=x86-64'
make[1]: Leaving directory '/home/keti/KETI_BMC/KETI-APP/app/KETI-SDBUS/CMakeFiles/CMakeTmp'



Parsed C implicit include dir info from above output: rv=done
  found start of include info
  found start of implicit include info
    add: [/usr/lib/gcc/x86_64-linux-gnu/7/include]
    add: [/usr/lib/gcc/x86_64-linux-gnu/7/include-fixed]
    add: [/home/keti/KETI_BMC/KETI-APP/sysroots/armv7ahf-vfpv4d16-openbmc-linux-gnueabi/usr/include]
  end of search list found
  collapse include dir [/usr/lib/gcc/x86_64-linux-gnu/7/include] ==> [/usr/lib/gcc/x86_64-linux-gnu/7/include]
  collapse include dir [/usr/lib/gcc/x86_64-linux-gnu/7/include-fixed] ==> [/usr/lib/gcc/x86_64-linux-gnu/7/include-fixed]
  collapse include dir [/home/keti/KETI_BMC/KETI-APP/sysroots/armv7ahf-vfpv4d16-openbmc-linux-gnueabi/usr/include] ==> [/home/keti/KETI_BMC/KETI-APP/sysroots/armv7ahf-vfpv4d16-openbmc-linux-gnueabi/usr/include]
  implicit include dirs: [/usr/lib/gcc/x86_64-linux-gnu/7/include;/usr/lib/gcc/x86_64-linux-gnu/7/include-fixed;/home/keti/KETI_BMC/KETI-APP/sysroots/armv7ahf-vfpv4d16-openbmc-linux-gnueabi/usr/include]


Parsed C implicit link information from above output:
  link line regex: [^( *|.*[/\])(ld|CMAKE_LINK_STARTFILE-NOTFOUND|([^/\]+-)?ld|collect2)[^/\]*( |$)]
  ignore line: [Change Dir: /home/keti/KETI_BMC/KETI-APP/app/KETI-SDBUS/CMakeFiles/CMakeTmp]
  ignore line: []
  ignore line: [Run Build Command(s):/usr/bin/make -f Makefile cmTC_fea8a/fast && /usr/bin/make  -f CMakeFiles/cmTC_fea8a.dir/build.make CMakeFiles/cmTC_fea8a.dir/build]
  ignore line: [make[1]: Entering directory '/home/keti/KETI_BMC/KETI-APP/app/KETI-SDBUS/CMakeFiles/CMakeTmp']
  ignore line: [Building C object CMakeFiles/cmTC_fea8a.dir/CMakeCCompilerABI.c.o]
  ignore line: [/usr/bin/cc --sysroot=/home/keti/KETI_BMC/KETI-APP/sysroots/armv7ahf-vfpv4d16-openbmc-linux-gnueabi   -O2 -pipe -g -feliminate-unused-debug-types     -v -o CMakeFiles/cmTC_fea8a.dir/CMakeCCompilerABI.c.o -c /home/keti/KETI_BMC/KETI-APP/sysroots/x86_64-oesdk-linux/usr/share/cmake-3.21/Modules/CMakeCCompilerABI.c]
  ignore line: [Using built-in specs.]
  ignore line: [COLLECT_GCC=/usr/bin/cc]
  ignore line: [OFFLOAD_TARGET_NAMES=nvptx-none]
  ignore line: [OFFLOAD_TARGET_DEFAULT=1]
  ignore line: [Target: x86_64-linux-gnu]
  ignore line: [Configured with: ../src/configure -v --with-pkgversion='Ubuntu 7.5.0-3ubuntu1~18.04' --with-bugurl=file:///usr/share/doc/gcc-7/README.Bugs --enable-languages=c ada c++ go brig d fortran objc obj-c++ --prefix=/usr --with-gcc-major-version-only --program-suffix=-7 --program-prefix=x86_64-linux-gnu- --enable-shared --enable-linker-build-id --libexecdir=/usr/lib --without-included-gettext --enable-threads=posix --libdir=/usr/lib --enable-nls --enable-bootstrap --enable-clocale=gnu --enable-libstdcxx-debug --enable-libstdcxx-time=yes --with-default-libstdcxx-abi=new --enable-gnu-unique-object --disable-vtable-verify --enable-libmpx --enable-plugin --enable-default-pie --with-system-zlib --with-target-system-zlib --enable-objc-gc=auto --enable-multiarch --disable-werror --with-arch-32=i686 --with-abi=m64 --with-multilib-list=m32 m64 mx32 --enable-multilib --with-tune=generic --enable-offload-targets=nvptx-none --without-cuda-driver --enable-checking=release --build=x86_64-linux-gnu --host=x86_64-linux-gnu --target=x86_64-linux-gnu]
  ignore line: [Thread model: posix]
  ignore line: [gcc version 7.5.0 (Ubuntu 7.5.0-3ubuntu1~18.04) ]
  ignore line: [COLLECT_GCC_OPTIONS='-O2' '-pipe' '-g' '-feliminate-unused-debug-types' '-v' '-o' 'CMakeFiles/cmTC_fea8a.dir/CMakeCCompilerABI.c.o' '-c' '-mtune=generic' '-march=x86-64']
  ignore line: [ /usr/lib/gcc/x86_64-linux-gnu/7/cc1 -quiet -v -imultiarch x86_64-linux-gnu -isysroot /home/keti/KETI_BMC/KETI-APP/sysroots/armv7ahf-vfpv4d16-openbmc-linux-gnueabi /home/keti/KETI_BMC/KETI-APP/sysroots/x86_64-oesdk-linux/usr/share/cmake-3.21/Modules/CMakeCCompilerABI.c -quiet -dumpbase CMakeCCompilerABI.c -mtune=generic -march=x86-64 -auxbase-strip CMakeFiles/cmTC_fea8a.dir/CMakeCCompilerABI.c.o -g -O2 -version -feliminate-unused-debug-types -fstack-protector-strong -Wformat -Wformat-security -o - |]
  ignore line: [ as -v --64 -o CMakeFiles/cmTC_fea8a.dir/CMakeCCompilerABI.c.o]
  ignore line: [GNU C11 (Ubuntu 7.5.0-3ubuntu1~18.04) version 7.5.0 (x86_64-linux-gnu)]
  ignore line: [	compiled by GNU C version 7.5.0  GMP version 6.1.2  MPFR version 4.0.1  MPC version 1.1.0  isl version isl-0.19-GMP]
  ignore line: []
  ignore line: [GGC heuristics: --param ggc-min-expand=100 --param ggc-min-heapsize=131072]
  ignore line: [GNU assembler version 2.30 (x86_64-linux-gnu) using BFD version (GNU Binutils for Ubuntu) 2.30]
  ignore line: [ignoring nonexistent directory "/home/keti/KETI_BMC/KETI-APP/sysroots/armv7ahf-vfpv4d16-openbmc-linux-gnueabi/usr/local/include/x86_64-linux-gnu"]
  ignore line: [ignoring nonexistent directory "/home/keti/KETI_BMC/KETI-APP/sysroots/armv7ahf-vfpv4d16-openbmc-linux-gnueabi/usr/local/include"]
  ignore line: [ignoring nonexistent directory "/usr/lib/gcc/x86_64-linux-gnu/7/../../../../x86_64-linux-gnu/include"]
  ignore line: [ignoring nonexistent directory "/home/keti/KETI_BMC/KETI-APP/sysroots/armv7ahf-vfpv4d16-openbmc-linux-gnueabi/usr/include/x86_64-linux-gnu"]
  ignore line: [#include "..." search starts here:]
  ignore line: [#include <...> search starts here:]
  ignore line: [ /usr/lib/gcc/x86_64-linux-gnu/7/include]
  ignore line: [ /usr/lib/gcc/x86_64-linux-gnu/7/include-fixed]
  ignore line: [ /home/keti/KETI_BMC/KETI-APP/sysroots/armv7ahf-vfpv4d16-openbmc-linux-gnueabi/usr/include]
  ignore line: [End of search list.]
  ignore line: [GNU C11 (Ubuntu 7.5.0-3ubuntu1~18.04) version 7.5.0 (x86_64-linux-gnu)]
  ignore line: [	compiled by GNU C version 7.5.0  GMP version 6.1.2  MPFR version 4.0.1  MPC version 1.1.0  isl version isl-0.19-GMP]
  ignore line: []
  ignore line: [GGC heuristics: --param ggc-min-expand=100 --param ggc-min-heapsize=131072]
  ignore line: [Compiler executable checksum: b62ed4a2880cd4159476ea8293b72fa8]
  ignore line: [COMPILER_PATH=/usr/lib/gcc/x86_64-linux-gnu/7/:/usr/lib/gcc/x86_64-linux-gnu/7/:/usr/lib/gcc/x86_64-linux-gnu/:/usr/lib/gcc/x86_64-linux-gnu/7/:/usr/lib/gcc/x86_64-linux-gnu/]
  ignore line: [LIBRARY_PATH=/usr/lib/gcc/x86_64-linux-gnu/7/:/usr/lib/gcc/x86_64-linux-gnu/7/../../../x86_64-linux-gnu/:/usr/lib/gcc/x86_64-linux-gnu/7/../../../../lib/:/home/keti/KETI_BMC/KETI-APP/sysroots/armv7ahf-vfpv4d16-openbmc-linux-gnueabi/lib/../lib/:/home/keti/KETI_BMC/KETI-APP/sysroots/armv7ahf-vfpv4d16-openbmc-linux-gnueabi/usr/lib/../lib/:/usr/lib/gcc/x86_64-linux-gnu/7/../../../:/home/keti/KETI_BMC/KETI-APP/sysroots/armv7ahf-vfpv4d16-openbmc-linux-gnueabi/lib/:/home/keti/KETI_BMC/KETI-APP/sysroots/armv7ahf-vfpv4d16-openbmc-linux-gnueabi/usr/lib/]
  ignore line: [COLLECT_GCC_OPTIONS='-O2' '-pipe' '-g' '-feliminate-unused-debug-types' '-v' '-o' 'CMakeFiles/cmTC_fea8a.dir/CMakeCCompilerABI.c.o' '-c' '-mtune=generic' '-march=x86-64']
  ignore line: [Linking C executable cmTC_fea8a]
  ignore line: [/home/keti/KETI_BMC/KETI-APP/sysroots/x86_64-oesdk-linux/usr/bin/cmake -E cmake_link_script CMakeFiles/cmTC_fea8a.dir/link.txt --verbose=1]
  ignore line: [/usr/bin/cc --sysroot=/home/keti/KETI_BMC/KETI-APP/sysroots/armv7ahf-vfpv4d16-openbmc-linux-gnueabi  -O2 -pipe -g -feliminate-unused-debug-types   -Wl -O1 -Wl --hash-style=gnu -Wl --as-needed  -Wl -z relro -z now -v -rdynamic CMakeFiles/cmTC_fea8a.dir/CMakeCCompilerABI.c.o -o cmTC_fea8a ]
  ignore line: [Using built-in specs.]
  ignore line: [COLLECT_GCC=/usr/bin/cc]
  ignore line: [COLLECT_LTO_WRAPPER=/usr/lib/gcc/x86_64-linux-gnu/7/lto-wrapper]
  ignore line: [OFFLOAD_TARGET_NAMES=nvptx-none]
  ignore line: [OFFLOAD_TARGET_DEFAULT=1]
  ignore line: [Target: x86_64-linux-gnu]
  ignore line: [Configured with: ../src/configure -v --with-pkgversion='Ubuntu 7.5.0-3ubuntu1~18.04' --with-bugurl=file:///usr/share/doc/gcc-7/README.Bugs --enable-languages=c ada c++ go brig d fortran objc obj-c++ --prefix=/usr --with-gcc-major-version-only --program-suffix=-7 --program-prefix=x86_64-linux-gnu- --enable-shared --enable-linker-build-id --libexecdir=/usr/lib --without-included-gettext --enable-threads=posix --libdir=/usr/lib --enable-nls --enable-bootstrap --enable-clocale=gnu --enable-libstdcxx-debug --enable-libstdcxx-time=yes --with-default-libstdcxx-abi=new --enable-gnu-unique-object --disable-vtable-verify --enable-libmpx --enable-plugin --enable-default-pie --with-system-zlib --with-target-system-zlib --enable-objc-gc=auto --enable-multiarch --disable-werror --with-arch-32=i686 --with-abi=m64 --with-multilib-list=m32 m64 mx32 --enable-multilib --with-tune=generic --enable-offload-targets=nvptx-none --without-cuda-driver --enable-checking=release --build=x86_64-linux-gnu --host=x86_64-linux-gnu --target=x86_64-linux-gnu]
  ignore line: [Thread model: posix]
  ignore line: [gcc version 7.5.0 (Ubuntu 7.5.0-3ubuntu1~18.04) ]
  ignore line: [COMPILER_PATH=/usr/lib/gcc/x86_64-linux-gnu/7/:/usr/lib/gcc/x86_64-linux-gnu/7/:/usr/lib/gcc/x86_64-linux-gnu/:/usr/lib/gcc/x86_64-linux-gnu/7/:/usr/lib/gcc/x86_64-linux-gnu/]
  ignore line: [LIBRARY_PATH=/usr/lib/gcc/x86_64-linux-gnu/7/:/usr/lib/gcc/x86_64-linux-gnu/7/../../../x86_64-linux-gnu/:/usr/lib/gcc/x86_64-linux-gnu/7/../../../../lib/:/home/keti/KETI_BMC/KETI-APP/sysroots/armv7ahf-vfpv4d16-openbmc-linux-gnueabi/lib/../lib/:/home/keti/KETI_BMC/KETI-APP/sysroots/armv7ahf-vfpv4d16-openbmc-linux-gnueabi/usr/lib/../lib/:/usr/lib/gcc/x86_64-linux-gnu/7/../../../:/home/keti/KETI_BMC/KETI-APP/sysroots/armv7ahf-vfpv4d16-openbmc-linux-gnueabi/lib/:/home/keti/KETI_BMC/KETI-APP/sysroots/armv7ahf-vfpv4d16-openbmc-linux-gnueabi/usr/lib/]
  ignore line: [COLLECT_GCC_OPTIONS='-O2' '-pipe' '-g' '-feliminate-unused-debug-types' '-v' '-rdynamic' '-o' 'cmTC_fea8a' '-mtune=generic' '-march=x86-64']
  link line: [ /usr/lib/gcc/x86_64-linux-gnu/7/collect2 -plugin /usr/lib/gcc/x86_64-linux-gnu/7/liblto_plugin.so -plugin-opt=/usr/lib/gcc/x86_64-linux-gnu/7/lto-wrapper -plugin-opt=-fresolution=/tmp/ccPFZc8p.res -plugin-opt=-pass-through=-lgcc -plugin-opt=-pass-through=-lgcc_s -plugin-opt=-pass-through=-lc -plugin-opt=-pass-through=-lgcc -plugin-opt=-pass-through=-lgcc_s --sysroot=/home/keti/KETI_BMC/KETI-APP/sysroots/armv7ahf-vfpv4d16-openbmc-linux-gnueabi --build-id --eh-frame-hdr -m elf_x86_64 --hash-style=gnu --as-needed -export-dynamic -dynamic-linker /lib64/ld-linux-x86-64.so.2 -pie -z now -z relro -o cmTC_fea8a /usr/lib/gcc/x86_64-linux-gnu/7/../../../x86_64-linux-gnu/Scrt1.o /usr/lib/gcc/x86_64-linux-gnu/7/../../../x86_64-linux-gnu/crti.o /usr/lib/gcc/x86_64-linux-gnu/7/crtbeginS.o -L/usr/lib/gcc/x86_64-linux-gnu/7 -L/usr/lib/gcc/x86_64-linux-gnu/7/../../../x86_64-linux-gnu -L/usr/lib/gcc/x86_64-linux-gnu/7/../../../../lib -L/home/keti/KETI_BMC/KETI-APP/sysroots/armv7ahf-vfpv4d16-openbmc-linux-gnueabi/lib/../lib -L/home/keti/KETI_BMC/KETI-APP/sysroots/armv7ahf-vfpv4d16-openbmc-linux-gnueabi/usr/lib/../lib -L/usr/lib/gcc/x86_64-linux-gnu/7/../../.. -L/home/keti/KETI_BMC/KETI-APP/sysroots/armv7ahf-vfpv4d16-openbmc-linux-gnueabi/lib -L/home/keti/KETI_BMC/KETI-APP/sysroots/armv7ahf-vfpv4d16-openbmc-linux-gnueabi/usr/lib -O1 --hash-style=gnu --as-needed -z relro -z now CMakeFiles/cmTC_fea8a.dir/CMakeCCompilerABI.c.o -lgcc --push-state --as-needed -lgcc_s --pop-state -lc -lgcc --push-state --as-needed -lgcc_s --pop-state /usr/lib/gcc/x86_64-linux-gnu/7/crtendS.o /usr/lib/gcc/x86_64-linux-gnu/7/../../../x86_64-linux-gnu/crtn.o]
    arg [/usr/lib/gcc/x86_64-linux-gnu/7/collect2] ==> ignore
    arg [-plugin] ==> ignore
    arg [/usr/lib/gcc/x86_64-linux-gnu/7/liblto_plugin.so] ==> ignore
    arg [-plugin-opt=/usr/lib/gcc/x86_64-linux-gnu/7/lto-wrapper] ==> ignore
    arg [-plugin-opt=-fresolution=/tmp/ccPFZc8p.res] ==> ignore
    arg [-plugin-opt=-pass-through=-lgcc] ==> ignore
    arg [-plugin-opt=-pass-through=-lgcc_s] ==> ignore
    arg [-plugin-opt=-pass-through=-lc] ==> ignore
    arg [-plugin-opt=-pass-through=-lgcc] ==> ignore
    arg [-plugin-opt=-pass-through=-lgcc_s] ==> ignore
    arg [--sysroot=/home/keti/KETI_BMC/KETI-APP/sysroots/armv7ahf-vfpv4d16-openbmc-linux-gnueabi] ==> ignore
    arg [--build-id] ==> ignore
    arg [--eh-frame-hdr] ==> ignore
    arg [-m] ==> ignore
    arg [elf_x86_64] ==> ignore
    arg [--hash-style=gnu] ==> ignore
    arg [--as-needed] ==> ignore
    arg [-export-dynamic] ==> ignore
    arg [-dynamic-linker] ==> ignore
    arg [/lib64/ld-linux-x86-64.so.2] ==> ignore
    arg [-pie] ==> ignore
    arg [-znow] ==> ignore
    arg [-zrelro] ==> ignore
    arg [-o] ==> ignore
    arg [cmTC_fea8a] ==> ignore
    arg [/usr/lib/gcc/x86_64-linux-gnu/7/../../../x86_64-linux-gnu/Scrt1.o] ==> obj [/usr/lib/gcc/x86_64-linux-gnu/7/../../../x86_64-linux-gnu/Scrt1.o]
    arg [/usr/lib/gcc/x86_64-linux-gnu/7/../../../x86_64-linux-gnu/crti.o] ==> obj [/usr/lib/gcc/x86_64-linux-gnu/7/../../../x86_64-linux-gnu/crti.o]
    arg [/usr/lib/gcc/x86_64-linux-gnu/7/crtbeginS.o] ==> obj [/usr/lib/gcc/x86_64-linux-gnu/7/crtbeginS.o]
    arg [-L/usr/lib/gcc/x86_64-linux-gnu/7] ==> dir [/usr/lib/gcc/x86_64-linux-gnu/7]
    arg [-L/usr/lib/gcc/x86_64-linux-gnu/7/../../../x86_64-linux-gnu] ==> dir [/usr/lib/gcc/x86_64-linux-gnu/7/../../../x86_64-linux-gnu]
    arg [-L/usr/lib/gcc/x86_64-linux-gnu/7/../../../../lib] ==> dir [/usr/lib/gcc/x86_64-linux-gnu/7/../../../../lib]
    arg [-L/home/keti/KETI_BMC/KETI-APP/sysroots/armv7ahf-vfpv4d16-openbmc-linux-gnueabi/lib/../lib] ==> dir [/home/keti/KETI_BMC/KETI-APP/sysroots/armv7ahf-vfpv4d16-openbmc-linux-gnueabi/lib/../lib]
    arg [-L/home/keti/KETI_BMC/KETI-APP/sysroots/armv7ahf-vfpv4d16-openbmc-linux-gnueabi/usr/lib/../lib] ==> dir [/home/keti/KETI_BMC/KETI-APP/sysroots/armv7ahf-vfpv4d16-openbmc-linux-gnueabi/usr/lib/../lib]
    arg [-L/usr/lib/gcc/x86_64-linux-gnu/7/../../..] ==> dir [/usr/lib/gcc/x86_64-linux-gnu/7/../../..]
    arg [-L/home/keti/KETI_BMC/KETI-APP/sysroots/armv7ahf-vfpv4d16-openbmc-linux-gnueabi/lib] ==> dir [/home/keti/KETI_BMC/KETI-APP/sysroots/armv7ahf-vfpv4d16-openbmc-linux-gnueabi/lib]
    arg [-L/home/keti/KETI_BMC/KETI-APP/sysroots/armv7ahf-vfpv4d16-openbmc-linux-gnueabi/usr/lib] ==> dir [/home/keti/KETI_BMC/KETI-APP/sysroots/armv7ahf-vfpv4d16-openbmc-linux-gnueabi/usr/lib]
    arg [-O1] ==> ignore
    arg [--hash-style=gnu] ==> ignore
    arg [--as-needed] ==> ignore
    arg [-zrelro] ==> ignore
    arg [-znow] ==> ignore
    arg [CMakeFiles/cmTC_fea8a.dir/CMakeCCompilerABI.c.o] ==> ignore
    arg [-lgcc] ==> lib [gcc]
    arg [--push-state] ==> ignore
    arg [--as-needed] ==> ignore
    arg [-lgcc_s] ==> lib [gcc_s]
    arg [--pop-state] ==> ignore
    arg [-lc] ==> lib [c]
    arg [-lgcc] ==> lib [gcc]
    arg [--push-state] ==> ignore
    arg [--as-needed] ==> ignore
    arg [-lgcc_s] ==> lib [gcc_s]
    arg [--pop-state] ==> ignore
    arg [/usr/lib/gcc/x86_64-linux-gnu/7/crtendS.o] ==> obj [/usr/lib/gcc/x86_64-linux-gnu/7/crtendS.o]
    arg [/usr/lib/gcc/x86_64-linux-gnu/7/../../../x86_64-linux-gnu/crtn.o] ==> obj [/usr/lib/gcc/x86_64-linux-gnu/7/../../../x86_64-linux-gnu/crtn.o]
  collapse obj [/usr/lib/gcc/x86_64-linux-gnu/7/../../../x86_64-linux-gnu/Scrt1.o] ==> [/usr/lib/x86_64-linux-gnu/Scrt1.o]
  collapse obj [/usr/lib/gcc/x86_64-linux-gnu/7/../../../x86_64-linux-gnu/crti.o] ==> [/usr/lib/x86_64-linux-gnu/crti.o]
  collapse obj [/usr/lib/gcc/x86_64-linux-gnu/7/../../../x86_64-linux-gnu/crtn.o] ==> [/usr/lib/x86_64-linux-gnu/crtn.o]
  collapse library dir [/usr/lib/gcc/x86_64-linux-gnu/7] ==> [/usr/lib/gcc/x86_64-linux-gnu/7]
  collapse library dir [/usr/lib/gcc/x86_64-linux-gnu/7/../../../x86_64-linux-gnu] ==> [/usr/lib/x86_64-linux-gnu]
  collapse library dir [/usr/lib/gcc/x86_64-linux-gnu/7/../../../../lib] ==> [/usr/lib]
  collapse library dir [/home/keti/KETI_BMC/KETI-APP/sysroots/armv7ahf-vfpv4d16-openbmc-linux-gnueabi/lib/../lib] ==> [/home/keti/KETI_BMC/KETI-APP/sysroots/armv7ahf-vfpv4d16-openbmc-linux-gnueabi/lib]
  collapse library dir [/home/keti/KETI_BMC/KETI-APP/sysroots/armv7ahf-vfpv4d16-openbmc-linux-gnueabi/usr/lib/../lib] ==> [/home/keti/KETI_BMC/KETI-APP/sysroots/armv7ahf-vfpv4d16-openbmc-linux-gnueabi/usr/lib]
  collapse library dir [/usr/lib/gcc/x86_64-linux-gnu/7/../../..] ==> [/usr/lib]
  collapse library dir [/home/keti/KETI_BMC/KETI-APP/sysroots/armv7ahf-vfpv4d16-openbmc-linux-gnueabi/lib] ==> [/home/keti/KETI_BMC/KETI-APP/sysroots/armv7ahf-vfpv4d16-openbmc-linux-gnueabi/lib]
  collapse library dir [/home/keti/KETI_BMC/KETI-APP/sysroots/armv7ahf-vfpv4d16-openbmc-linux-gnueabi/usr/lib] ==> [/home/keti/KETI_BMC/KETI-APP/sysroots/armv7ahf-vfpv4d16-openbmc-linux-gnueabi/usr/lib]
  implicit libs: [gcc;gcc_s;c;gcc;gcc_s]
  implicit objs: [/usr/lib/x86_64-linux-gnu/Scrt1.o;/usr/lib/x86_64-linux-gnu/crti.o;/usr/lib/gcc/x86_64-linux-gnu/7/crtbeginS.o;/usr/lib/gcc/x86_64-linux-gnu/7/crtendS.o;/usr/lib/x86_64-linux-gnu/crtn.o]
  implicit dirs: [/usr/lib/gcc/x86_64-linux-gnu/7;/usr/lib/x86_64-linux-gnu;/usr/lib;/home/keti/KETI_BMC/KETI-APP/sysroots/armv7ahf-vfpv4d16-openbmc-linux-gnueabi/lib;/home/keti/KETI_BMC/KETI-APP/sysroots/armv7ahf-vfpv4d16-openbmc-linux-gnueabi/usr/lib]
  implicit fwks: []


Detecting CXX compiler ABI info compiled with the following output:
Change Dir: /home/keti/KETI_BMC/KETI-APP/app/KETI-SDBUS/CMakeFiles/CMakeTmp

Run Build Command(s):/usr/bin/make -f Makefile cmTC_63cd7/fast && /usr/bin/make  -f CMakeFiles/cmTC_63cd7.dir/build.make CMakeFiles/cmTC_63cd7.dir/build
make[1]: Entering directory '/home/keti/KETI_BMC/KETI-APP/app/KETI-SDBUS/CMakeFiles/CMakeTmp'
Building CXX object CMakeFiles/cmTC_63cd7.dir/CMakeCXXCompilerABI.cpp.o
/usr/bin/c++ --sysroot=/home/keti/KETI_BMC/KETI-APP/sysroots/armv7ahf-vfpv4d16-openbmc-linux-gnueabi   -O2 -pipe -g -feliminate-unused-debug-types     -v -o CMakeFiles/cmTC_63cd7.dir/CMakeCXXCompilerABI.cpp.o -c /home/keti/KETI_BMC/KETI-APP/sysroots/x86_64-oesdk-linux/usr/share/cmake-3.21/Modules/CMakeCXXCompilerABI.cpp
Using built-in specs.
COLLECT_GCC=/usr/bin/c++
OFFLOAD_TARGET_NAMES=nvptx-none
OFFLOAD_TARGET_DEFAULT=1
Target: x86_64-linux-gnu
Configured with: ../src/configure -v --with-pkgversion='Ubuntu 7.5.0-3ubuntu1~18.04' --with-bugurl=file:///usr/share/doc/gcc-7/README.Bugs --enable-languages=c,ada,c++,go,brig,d,fortran,objc,obj-c++ --prefix=/usr --with-gcc-major-version-only --program-suffix=-7 --program-prefix=x86_64-linux-gnu- --enable-shared --enable-linker-build-id --libexecdir=/usr/lib --without-included-gettext --enable-threads=posix --libdir=/usr/lib --enable-nls --enable-bootstrap --enable-clocale=gnu --enable-libstdcxx-debug --enable-libstdcxx-time=yes --with-default-libstdcxx-abi=new --enable-gnu-unique-object --disable-vtable-verify --enable-libmpx --enable-plugin --enable-default-pie --with-system-zlib --with-target-system-zlib --enable-objc-gc=auto --enable-multiarch --disable-werror --with-arch-32=i686 --with-abi=m64 --with-multilib-list=m32,m64,mx32 --enable-multilib --with-tune=generic --enable-offload-targets=nvptx-none --without-cuda-driver --enable-checking=release --build=x86_64-linux-gnu --host=x86_64-linux-gnu --target=x86_64-linux-gnu
Thread model: posix
gcc version 7.5.0 (Ubuntu 7.5.0-3ubuntu1~18.04) 
COLLECT_GCC_OPTIONS='-O2' '-pipe' '-g' '-feliminate-unused-debug-types' '-v' '-o' 'CMakeFiles/cmTC_63cd7.dir/CMakeCXXCompilerABI.cpp.o' '-c' '-shared-libgcc' '-mtune=generic' '-march=x86-64'
 /usr/lib/gcc/x86_64-linux-gnu/7/cc1plus -quiet -v -imultiarch x86_64-linux-gnu -isysroot /home/keti/KETI_BMC/KETI-APP/sysroots/armv7ahf-vfpv4d16-openbmc-linux-gnueabi -D_GNU_SOURCE /home/keti/KETI_BMC/KETI-APP/sysroots/x86_64-oesdk-linux/usr/share/cmake-3.21/Modules/CMakeCXXCompilerABI.cpp -quiet -dumpbase CMakeCXXCompilerABI.cpp -mtune=generic -march=x86-64 -auxbase-strip CMakeFiles/cmTC_63cd7.dir/CMakeCXXCompilerABI.cpp.o -g -O2 -version -feliminate-unused-debug-types -fstack-protector-strong -Wformat -Wformat-security -o - |
 as -v --64 -o CMakeFiles/cmTC_63cd7.dir/CMakeCXXCompilerABI.cpp.o
GNU assembler version 2.30 (x86_64-linux-gnu) using BFD version (GNU Binutils for Ubuntu) 2.30
GNU C++14 (Ubuntu 7.5.0-3ubuntu1~18.04) version 7.5.0 (x86_64-linux-gnu)
	compiled by GNU C version 7.5.0, GMP version 6.1.2, MPFR version 4.0.1, MPC version 1.1.0, isl version isl-0.19-GMP

GGC heuristics: --param ggc-min-expand=100 --param ggc-min-heapsize=131072
ignoring duplicate directory "/usr/include/x86_64-linux-gnu/c++/7"
ignoring nonexistent directory "/home/keti/KETI_BMC/KETI-APP/sysroots/armv7ahf-vfpv4d16-openbmc-linux-gnueabi/usr/local/include/x86_64-linux-gnu"
ignoring nonexistent directory "/home/keti/KETI_BMC/KETI-APP/sysroots/armv7ahf-vfpv4d16-openbmc-linux-gnueabi/usr/local/include"
ignoring nonexistent directory "/usr/lib/gcc/x86_64-linux-gnu/7/../../../../x86_64-linux-gnu/include"
ignoring nonexistent directory "/home/keti/KETI_BMC/KETI-APP/sysroots/armv7ahf-vfpv4d16-openbmc-linux-gnueabi/usr/include/x86_64-linux-gnu"
#include "..." search starts here:
#include <...> search starts here:
 /usr/include/c++/7
 /usr/include/x86_64-linux-gnu/c++/7
 /usr/include/c++/7/backward
 /usr/lib/gcc/x86_64-linux-gnu/7/include
 /usr/lib/gcc/x86_64-linux-gnu/7/include-fixed
 /home/keti/KETI_BMC/KETI-APP/sysroots/armv7ahf-vfpv4d16-openbmc-linux-gnueabi/usr/include
End of search list.
GNU C++14 (Ubuntu 7.5.0-3ubuntu1~18.04) version 7.5.0 (x86_64-linux-gnu)
	compiled by GNU C version 7.5.0, GMP version 6.1.2, MPFR version 4.0.1, MPC version 1.1.0, isl version isl-0.19-GMP

GGC heuristics: --param ggc-min-expand=100 --param ggc-min-heapsize=131072
Compiler executable checksum: 3eb3dc290cd5714c3e1c3ae751116f07
COMPILER_PATH=/usr/lib/gcc/x86_64-linux-gnu/7/:/usr/lib/gcc/x86_64-linux-gnu/7/:/usr/lib/gcc/x86_64-linux-gnu/:/usr/lib/gcc/x86_64-linux-gnu/7/:/usr/lib/gcc/x86_64-linux-gnu/
LIBRARY_PATH=/usr/lib/gcc/x86_64-linux-gnu/7/:/usr/lib/gcc/x86_64-linux-gnu/7/../../../x86_64-linux-gnu/:/usr/lib/gcc/x86_64-linux-gnu/7/../../../../lib/:/home/keti/KETI_BMC/KETI-APP/sysroots/armv7ahf-vfpv4d16-openbmc-linux-gnueabi/lib/../lib/:/home/keti/KETI_BMC/KETI-APP/sysroots/armv7ahf-vfpv4d16-openbmc-linux-gnueabi/usr/lib/../lib/:/usr/lib/gcc/x86_64-linux-gnu/7/../../../:/home/keti/KETI_BMC/KETI-APP/sysroots/armv7ahf-vfpv4d16-openbmc-linux-gnueabi/lib/:/home/keti/KETI_BMC/KETI-APP/sysroots/armv7ahf-vfpv4d16-openbmc-linux-gnueabi/usr/lib/
COLLECT_GCC_OPTIONS='-O2' '-pipe' '-g' '-feliminate-unused-debug-types' '-v' '-o' 'CMakeFiles/cmTC_63cd7.dir/CMakeCXXCompilerABI.cpp.o' '-c' '-shared-libgcc' '-mtune=generic' '-march=x86-64'
Linking CXX executable cmTC_63cd7
/home/keti/KETI_BMC/KETI-APP/sysroots/x86_64-oesdk-linux/usr/bin/cmake -E cmake_link_script CMakeFiles/cmTC_63cd7.dir/link.txt --verbose=1
/usr/bin/c++ --sysroot=/home/keti/KETI_BMC/KETI-APP/sysroots/armv7ahf-vfpv4d16-openbmc-linux-gnueabi  -O2 -pipe -g -feliminate-unused-debug-types   -Wl,-O1 -Wl,--hash-style=gnu -Wl,--as-needed  -Wl,-z,relro,-z,now -v -rdynamic CMakeFiles/cmTC_63cd7.dir/CMakeCXXCompilerABI.cpp.o -o cmTC_63cd7 
Using built-in specs.
COLLECT_GCC=/usr/bin/c++
COLLECT_LTO_WRAPPER=/usr/lib/gcc/x86_64-linux-gnu/7/lto-wrapper
OFFLOAD_TARGET_NAMES=nvptx-none
OFFLOAD_TARGET_DEFAULT=1
Target: x86_64-linux-gnu
Configured with: ../src/configure -v --with-pkgversion='Ubuntu 7.5.0-3ubuntu1~18.04' --with-bugurl=file:///usr/share/doc/gcc-7/README.Bugs --enable-languages=c,ada,c++,go,brig,d,fortran,objc,obj-c++ --prefix=/usr --with-gcc-major-version-only --program-suffix=-7 --program-prefix=x86_64-linux-gnu- --enable-shared --enable-linker-build-id --libexecdir=/usr/lib --without-included-gettext --enable-threads=posix --libdir=/usr/lib --enable-nls --enable-bootstrap --enable-clocale=gnu --enable-libstdcxx-debug --enable-libstdcxx-time=yes --with-default-libstdcxx-abi=new --enable-gnu-unique-object --disable-vtable-verify --enable-libmpx --enable-plugin --enable-default-pie --with-system-zlib --with-target-system-zlib --enable-objc-gc=auto --enable-multiarch --disable-werror --with-arch-32=i686 --with-abi=m64 --with-multilib-list=m32,m64,mx32 --enable-multilib --with-tune=generic --enable-offload-targets=nvptx-none --without-cuda-driver --enable-checking=release --build=x86_64-linux-gnu --host=x86_64-linux-gnu --target=x86_64-linux-gnu
Thread model: posix
gcc version 7.5.0 (Ubuntu 7.5.0-3ubuntu1~18.04) 
COMPILER_PATH=/usr/lib/gcc/x86_64-linux-gnu/7/:/usr/lib/gcc/x86_64-linux-gnu/7/:/usr/lib/gcc/x86_64-linux-gnu/:/usr/lib/gcc/x86_64-linux-gnu/7/:/usr/lib/gcc/x86_64-linux-gnu/
LIBRARY_PATH=/usr/lib/gcc/x86_64-linux-gnu/7/:/usr/lib/gcc/x86_64-linux-gnu/7/../../../x86_64-linux-gnu/:/usr/lib/gcc/x86_64-linux-gnu/7/../../../../lib/:/home/keti/KETI_BMC/KETI-APP/sysroots/armv7ahf-vfpv4d16-openbmc-linux-gnueabi/lib/../lib/:/home/keti/KETI_BMC/KETI-APP/sysroots/armv7ahf-vfpv4d16-openbmc-linux-gnueabi/usr/lib/../lib/:/usr/lib/gcc/x86_64-linux-gnu/7/../../../:/home/keti/KETI_BMC/KETI-APP/sysroots/armv7ahf-vfpv4d16-openbmc-linux-gnueabi/lib/:/home/keti/KETI_BMC/KETI-APP/sysroots/armv7ahf-vfpv4d16-openbmc-linux-gnueabi/usr/lib/
COLLECT_GCC_OPTIONS='-O2' '-pipe' '-g' '-feliminate-unused-debug-types' '-v' '-rdynamic' '-o' 'cmTC_63cd7' '-shared-libgcc' '-mtune=generic' '-march=x86-64'
 /usr/lib/gcc/x86_64-linux-gnu/7/collect2 -plugin /usr/lib/gcc/x86_64-linux-gnu/7/liblto_plugin.so -plugin-opt=/usr/lib/gcc/x86_64-linux-gnu/7/lto-wrapper -plugin-opt=-fresolution=/tmp/cccYg8lz.res -plugin-opt=-pass-through=-lgcc_s -plugin-opt=-pass-through=-lgcc -plugin-opt=-pass-through=-lc -plugin-opt=-pass-through=-lgcc_s -plugin-opt=-pass-through=-lgcc --sysroot=/home/keti/KETI_BMC/KETI-APP/sysroots/armv7ahf-vfpv4d16-openbmc-linux-gnueabi --build-id --eh-frame-hdr -m elf_x86_64 --hash-style=gnu --as-needed -export-dynamic -dynamic-linker /lib64/ld-linux-x86-64.so.2 -pie -z now -z relro -o cmTC_63cd7 /usr/lib/gcc/x86_64-linux-gnu/7/../../../x86_64-linux-gnu/Scrt1.o /usr/lib/gcc/x86_64-linux-gnu/7/../../../x86_64-linux-gnu/crti.o /usr/lib/gcc/x86_64-linux-gnu/7/crtbeginS.o -L/usr/lib/gcc/x86_64-linux-gnu/7 -L/usr/lib/gcc/x86_64-linux-gnu/7/../../../x86_64-linux-gnu -L/usr/lib/gcc/x86_64-linux-gnu/7/../../../../lib -L/home/keti/KETI_BMC/KETI-APP/sysroots/armv7ahf-vfpv4d16-openbmc-linux-gnueabi/lib/../lib -L/home/keti/KETI_BMC/KETI-APP/sysroots/armv7ahf-vfpv4d16-openbmc-linux-gnueabi/usr/lib/../lib -L/usr/lib/gcc/x86_64-linux-gnu/7/../../.. -L/home/keti/KETI_BMC/KETI-APP/sysroots/armv7ahf-vfpv4d16-openbmc-linux-gnueabi/lib -L/home/keti/KETI_BMC/KETI-APP/sysroots/armv7ahf-vfpv4d16-openbmc-linux-gnueabi/usr/lib -O1 --hash-style=gnu --as-needed -z relro -z now CMakeFiles/cmTC_63cd7.dir/CMakeCXXCompilerABI.cpp.o -lstdc++ -lm -lgcc_s -lgcc -lc -lgcc_s -lgcc /usr/lib/gcc/x86_64-linux-gnu/7/crtendS.o /usr/lib/gcc/x86_64-linux-gnu/7/../../../x86_64-linux-gnu/crtn.o
COLLECT_GCC_OPTIONS='-O2' '-pipe' '-g' '-feliminate-unused-debug-types' '-v' '-rdynamic' '-o' 'cmTC_63cd7' '-shared-libgcc' '-mtune=generic' '-march=x86-64'
make[1]: Leaving directory '/home/keti/KETI_BMC/KETI-APP/app/KETI-SDBUS/CMakeFiles/CMakeTmp'



Parsed CXX implicit include dir info from above output: rv=done
  found start of include info
  found start of implicit include info
    add: [/usr/include/c++/7]
    add: [/usr/include/x86_64-linux-gnu/c++/7]
    add: [/usr/include/c++/7/backward]
    add: [/usr/lib/gcc/x86_64-linux-gnu/7/include]
    add: [/usr/lib/gcc/x86_64-linux-gnu/7/include-fixed]
    add: [/home/keti/KETI_BMC/KETI-APP/sysroots/armv7ahf-vfpv4d16-openbmc-linux-gnueabi/usr/include]
  end of search list found
  collapse include dir [/usr/include/c++/7] ==> [/usr/include/c++/7]
  collapse include dir [/usr/include/x86_64-linux-gnu/c++/7] ==> [/usr/include/x86_64-linux-gnu/c++/7]
  collapse include dir [/usr/include/c++/7/backward] ==> [/usr/include/c++/7/backward]
  collapse include dir [/usr/lib/gcc/x86_64-linux-gnu/7/include] ==> [/usr/lib/gcc/x86_64-linux-gnu/7/include]
  collapse include dir [/usr/lib/gcc/x86_64-linux-gnu/7/include-fixed] ==> [/usr/lib/gcc/x86_64-linux-gnu/7/include-fixed]
  collapse include dir [/home/keti/KETI_BMC/KETI-APP/sysroots/armv7ahf-vfpv4d16-openbmc-linux-gnueabi/usr/include] ==> [/home/keti/KETI_BMC/KETI-APP/sysroots/armv7ahf-vfpv4d16-openbmc-linux-gnueabi/usr/include]
  implicit include dirs: [/usr/include/c++/7;/usr/include/x86_64-linux-gnu/c++/7;/usr/include/c++/7/backward;/usr/lib/gcc/x86_64-linux-gnu/7/include;/usr/lib/gcc/x86_64-linux-gnu/7/include-fixed;/home/keti/KETI_BMC/KETI-APP/sysroots/armv7ahf-vfpv4d16-openbmc-linux-gnueabi/usr/include]


Parsed CXX implicit link information from above output:
  link line regex: [^( *|.*[/\])(ld|CMAKE_LINK_STARTFILE-NOTFOUND|([^/\]+-)?ld|collect2)[^/\]*( |$)]
  ignore line: [Change Dir: /home/keti/KETI_BMC/KETI-APP/app/KETI-SDBUS/CMakeFiles/CMakeTmp]
  ignore line: []
  ignore line: [Run Build Command(s):/usr/bin/make -f Makefile cmTC_63cd7/fast && /usr/bin/make  -f CMakeFiles/cmTC_63cd7.dir/build.make CMakeFiles/cmTC_63cd7.dir/build]
  ignore line: [make[1]: Entering directory '/home/keti/KETI_BMC/KETI-APP/app/KETI-SDBUS/CMakeFiles/CMakeTmp']
  ignore line: [Building CXX object CMakeFiles/cmTC_63cd7.dir/CMakeCXXCompilerABI.cpp.o]
  ignore line: [/usr/bin/c++ --sysroot=/home/keti/KETI_BMC/KETI-APP/sysroots/armv7ahf-vfpv4d16-openbmc-linux-gnueabi   -O2 -pipe -g -feliminate-unused-debug-types     -v -o CMakeFiles/cmTC_63cd7.dir/CMakeCXXCompilerABI.cpp.o -c /home/keti/KETI_BMC/KETI-APP/sysroots/x86_64-oesdk-linux/usr/share/cmake-3.21/Modules/CMakeCXXCompilerABI.cpp]
  ignore line: [Using built-in specs.]
  ignore line: [COLLECT_GCC=/usr/bin/c++]
  ignore line: [OFFLOAD_TARGET_NAMES=nvptx-none]
  ignore line: [OFFLOAD_TARGET_DEFAULT=1]
  ignore line: [Target: x86_64-linux-gnu]
  ignore line: [Configured with: ../src/configure -v --with-pkgversion='Ubuntu 7.5.0-3ubuntu1~18.04' --with-bugurl=file:///usr/share/doc/gcc-7/README.Bugs --enable-languages=c ada c++ go brig d fortran objc obj-c++ --prefix=/usr --with-gcc-major-version-only --program-suffix=-7 --program-prefix=x86_64-linux-gnu- --enable-shared --enable-linker-build-id --libexecdir=/usr/lib --without-included-gettext --enable-threads=posix --libdir=/usr/lib --enable-nls --enable-bootstrap --enable-clocale=gnu --enable-libstdcxx-debug --enable-libstdcxx-time=yes --with-default-libstdcxx-abi=new --enable-gnu-unique-object --disable-vtable-verify --enable-libmpx --enable-plugin --enable-default-pie --with-system-zlib --with-target-system-zlib --enable-objc-gc=auto --enable-multiarch --disable-werror --with-arch-32=i686 --with-abi=m64 --with-multilib-list=m32 m64 mx32 --enable-multilib --with-tune=generic --enable-offload-targets=nvptx-none --without-cuda-driver --enable-checking=release --build=x86_64-linux-gnu --host=x86_64-linux-gnu --target=x86_64-linux-gnu]
  ignore line: [Thread model: posix]
  ignore line: [gcc version 7.5.0 (Ubuntu 7.5.0-3ubuntu1~18.04) ]
  ignore line: [COLLECT_GCC_OPTIONS='-O2' '-pipe' '-g' '-feliminate-unused-debug-types' '-v' '-o' 'CMakeFiles/cmTC_63cd7.dir/CMakeCXXCompilerABI.cpp.o' '-c' '-shared-libgcc' '-mtune=generic' '-march=x86-64']
  ignore line: [ /usr/lib/gcc/x86_64-linux-gnu/7/cc1plus -quiet -v -imultiarch x86_64-linux-gnu -isysroot /home/keti/KETI_BMC/KETI-APP/sysroots/armv7ahf-vfpv4d16-openbmc-linux-gnueabi -D_GNU_SOURCE /home/keti/KETI_BMC/KETI-APP/sysroots/x86_64-oesdk-linux/usr/share/cmake-3.21/Modules/CMakeCXXCompilerABI.cpp -quiet -dumpbase CMakeCXXCompilerABI.cpp -mtune=generic -march=x86-64 -auxbase-strip CMakeFiles/cmTC_63cd7.dir/CMakeCXXCompilerABI.cpp.o -g -O2 -version -feliminate-unused-debug-types -fstack-protector-strong -Wformat -Wformat-security -o - |]
  ignore line: [ as -v --64 -o CMakeFiles/cmTC_63cd7.dir/CMakeCXXCompilerABI.cpp.o]
  ignore line: [GNU assembler version 2.30 (x86_64-linux-gnu) using BFD version (GNU Binutils for Ubuntu) 2.30]
  ignore line: [GNU C++14 (Ubuntu 7.5.0-3ubuntu1~18.04) version 7.5.0 (x86_64-linux-gnu)]
  ignore line: [	compiled by GNU C version 7.5.0  GMP version 6.1.2  MPFR version 4.0.1  MPC version 1.1.0  isl version isl-0.19-GMP]
  ignore line: []
  ignore line: [GGC heuristics: --param ggc-min-expand=100 --param ggc-min-heapsize=131072]
  ignore line: [ignoring duplicate directory "/usr/include/x86_64-linux-gnu/c++/7"]
  ignore line: [ignoring nonexistent directory "/home/keti/KETI_BMC/KETI-APP/sysroots/armv7ahf-vfpv4d16-openbmc-linux-gnueabi/usr/local/include/x86_64-linux-gnu"]
  ignore line: [ignoring nonexistent directory "/home/keti/KETI_BMC/KETI-APP/sysroots/armv7ahf-vfpv4d16-openbmc-linux-gnueabi/usr/local/include"]
  ignore line: [ignoring nonexistent directory "/usr/lib/gcc/x86_64-linux-gnu/7/../../../../x86_64-linux-gnu/include"]
  ignore line: [ignoring nonexistent directory "/home/keti/KETI_BMC/KETI-APP/sysroots/armv7ahf-vfpv4d16-openbmc-linux-gnueabi/usr/include/x86_64-linux-gnu"]
  ignore line: [#include "..." search starts here:]
  ignore line: [#include <...> search starts here:]
  ignore line: [ /usr/include/c++/7]
  ignore line: [ /usr/include/x86_64-linux-gnu/c++/7]
  ignore line: [ /usr/include/c++/7/backward]
  ignore line: [ /usr/lib/gcc/x86_64-linux-gnu/7/include]
  ignore line: [ /usr/lib/gcc/x86_64-linux-gnu/7/include-fixed]
  ignore line: [ /home/keti/KETI_BMC/KETI-APP/sysroots/armv7ahf-vfpv4d16-openbmc-linux-gnueabi/usr/include]
  ignore line: [End of search list.]
  ignore line: [GNU C++14 (Ubuntu 7.5.0-3ubuntu1~18.04) version 7.5.0 (x86_64-linux-gnu)]
  ignore line: [	compiled by GNU C version 7.5.0  GMP version 6.1.2  MPFR version 4.0.1  MPC version 1.1.0  isl version isl-0.19-GMP]
  ignore line: []
  ignore line: [GGC heuristics: --param ggc-min-expand=100 --param ggc-min-heapsize=131072]
  ignore line: [Compiler executable checksum: 3eb3dc290cd5714c3e1c3ae751116f07]
  ignore line: [COMPILER_PATH=/usr/lib/gcc/x86_64-linux-gnu/7/:/usr/lib/gcc/x86_64-linux-gnu/7/:/usr/lib/gcc/x86_64-linux-gnu/:/usr/lib/gcc/x86_64-linux-gnu/7/:/usr/lib/gcc/x86_64-linux-gnu/]
  ignore line: [LIBRARY_PATH=/usr/lib/gcc/x86_64-linux-gnu/7/:/usr/lib/gcc/x86_64-linux-gnu/7/../../../x86_64-linux-gnu/:/usr/lib/gcc/x86_64-linux-gnu/7/../../../../lib/:/home/keti/KETI_BMC/KETI-APP/sysroots/armv7ahf-vfpv4d16-openbmc-linux-gnueabi/lib/../lib/:/home/keti/KETI_BMC/KETI-APP/sysroots/armv7ahf-vfpv4d16-openbmc-linux-gnueabi/usr/lib/../lib/:/usr/lib/gcc/x86_64-linux-gnu/7/../../../:/home/keti/KETI_BMC/KETI-APP/sysroots/armv7ahf-vfpv4d16-openbmc-linux-gnueabi/lib/:/home/keti/KETI_BMC/KETI-APP/sysroots/armv7ahf-vfpv4d16-openbmc-linux-gnueabi/usr/lib/]
  ignore line: [COLLECT_GCC_OPTIONS='-O2' '-pipe' '-g' '-feliminate-unused-debug-types' '-v' '-o' 'CMakeFiles/cmTC_63cd7.dir/CMakeCXXCompilerABI.cpp.o' '-c' '-shared-libgcc' '-mtune=generic' '-march=x86-64']
  ignore line: [Linking CXX executable cmTC_63cd7]
  ignore line: [/home/keti/KETI_BMC/KETI-APP/sysroots/x86_64-oesdk-linux/usr/bin/cmake -E cmake_link_script CMakeFiles/cmTC_63cd7.dir/link.txt --verbose=1]
  ignore line: [/usr/bin/c++ --sysroot=/home/keti/KETI_BMC/KETI-APP/sysroots/armv7ahf-vfpv4d16-openbmc-linux-gnueabi  -O2 -pipe -g -feliminate-unused-debug-types   -Wl -O1 -Wl --hash-style=gnu -Wl --as-needed  -Wl -z relro -z now -v -rdynamic CMakeFiles/cmTC_63cd7.dir/CMakeCXXCompilerABI.cpp.o -o cmTC_63cd7 ]
  ignore line: [Using built-in specs.]
  ignore line: [COLLECT_GCC=/usr/bin/c++]
  ignore line: [COLLECT_LTO_WRAPPER=/usr/lib/gcc/x86_64-linux-gnu/7/lto-wrapper]
  ignore line: [OFFLOAD_TARGET_NAMES=nvptx-none]
  ignore line: [OFFLOAD_TARGET_DEFAULT=1]
  ignore line: [Target: x86_64-linux-gnu]
  ignore line: [Configured with: ../src/configure -v --with-pkgversion='Ubuntu 7.5.0-3ubuntu1~18.04' --with-bugurl=file:///usr/share/doc/gcc-7/README.Bugs --enable-languages=c ada c++ go brig d fortran objc obj-c++ --prefix=/usr --with-gcc-major-version-only --program-suffix=-7 --program-prefix=x86_64-linux-gnu- --enable-shared --enable-linker-build-id --libexecdir=/usr/lib --without-included-gettext --enable-threads=posix --libdir=/usr/lib --enable-nls --enable-bootstrap --enable-clocale=gnu --enable-libstdcxx-debug --enable-libstdcxx-time=yes --with-default-libstdcxx-abi=new --enable-gnu-unique-object --disable-vtable-verify --enable-libmpx --enable-plugin --enable-default-pie --with-system-zlib --with-target-system-zlib --enable-objc-gc=auto --enable-multiarch --disable-werror --with-arch-32=i686 --with-abi=m64 --with-multilib-list=m32 m64 mx32 --enable-multilib --with-tune=generic --enable-offload-targets=nvptx-none --without-cuda-driver --enable-checking=release --build=x86_64-linux-gnu --host=x86_64-linux-gnu --target=x86_64-linux-gnu]
  ignore line: [Thread model: posix]
  ignore line: [gcc version 7.5.0 (Ubuntu 7.5.0-3ubuntu1~18.04) ]
  ignore line: [COMPILER_PATH=/usr/lib/gcc/x86_64-linux-gnu/7/:/usr/lib/gcc/x86_64-linux-gnu/7/:/usr/lib/gcc/x86_64-linux-gnu/:/usr/lib/gcc/x86_64-linux-gnu/7/:/usr/lib/gcc/x86_64-linux-gnu/]
  ignore line: [LIBRARY_PATH=/usr/lib/gcc/x86_64-linux-gnu/7/:/usr/lib/gcc/x86_64-linux-gnu/7/../../../x86_64-linux-gnu/:/usr/lib/gcc/x86_64-linux-gnu/7/../../../../lib/:/home/keti/KETI_BMC/KETI-APP/sysroots/armv7ahf-vfpv4d16-openbmc-linux-gnueabi/lib/../lib/:/home/keti/KETI_BMC/KETI-APP/sysroots/armv7ahf-vfpv4d16-openbmc-linux-gnueabi/usr/lib/../lib/:/usr/lib/gcc/x86_64-linux-gnu/7/../../../:/home/keti/KETI_BMC/KETI-APP/sysroots/armv7ahf-vfpv4d16-openbmc-linux-gnueabi/lib/:/home/keti/KETI_BMC/KETI-APP/sysroots/armv7ahf-vfpv4d16-openbmc-linux-gnueabi/usr/lib/]
  ignore line: [COLLECT_GCC_OPTIONS='-O2' '-pipe' '-g' '-feliminate-unused-debug-types' '-v' '-rdynamic' '-o' 'cmTC_63cd7' '-shared-libgcc' '-mtune=generic' '-march=x86-64']
  link line: [ /usr/lib/gcc/x86_64-linux-gnu/7/collect2 -plugin /usr/lib/gcc/x86_64-linux-gnu/7/liblto_plugin.so -plugin-opt=/usr/lib/gcc/x86_64-linux-gnu/7/lto-wrapper -plugin-opt=-fresolution=/tmp/cccYg8lz.res -plugin-opt=-pass-through=-lgcc_s -plugin-opt=-pass-through=-lgcc -plugin-opt=-pass-through=-lc -plugin-opt=-pass-through=-lgcc_s -plugin-opt=-pass-through=-lgcc --sysroot=/home/keti/KETI_BMC/KETI-APP/sysroots/armv7ahf-vfpv4d16-openbmc-linux-gnueabi --build-id --eh-frame-hdr -m elf_x86_64 --hash-style=gnu --as-needed -export-dynamic -dynamic-linker /lib64/ld-linux-x86-64.so.2 -pie -z now -z relro -o cmTC_63cd7 /usr/lib/gcc/x86_64-linux-gnu/7/../../../x86_64-linux-gnu/Scrt1.o /usr/lib/gcc/x86_64-linux-gnu/7/../../../x86_64-linux-gnu/crti.o /usr/lib/gcc/x86_64-linux-gnu/7/crtbeginS.o -L/usr/lib/gcc/x86_64-linux-gnu/7 -L/usr/lib/gcc/x86_64-linux-gnu/7/../../../x86_64-linux-gnu -L/usr/lib/gcc/x86_64-linux-gnu/7/../../../../lib -L/home/keti/KETI_BMC/KETI-APP/sysroots/armv7ahf-vfpv4d16-openbmc-linux-gnueabi/lib/../lib -L/home/keti/KETI_BMC/KETI-APP/sysroots/armv7ahf-vfpv4d16-openbmc-linux-gnueabi/usr/lib/../lib -L/usr/lib/gcc/x86_64-linux-gnu/7/../../.. -L/home/keti/KETI_BMC/KETI-APP/sysroots/armv7ahf-vfpv4d16-openbmc-linux-gnueabi/lib -L/home/keti/KETI_BMC/KETI-APP/sysroots/armv7ahf-vfpv4d16-openbmc-linux-gnueabi/usr/lib -O1 --hash-style=gnu --as-needed -z relro -z now CMakeFiles/cmTC_63cd7.dir/CMakeCXXCompilerABI.cpp.o -lstdc++ -lm -lgcc_s -lgcc -lc -lgcc_s -lgcc /usr/lib/gcc/x86_64-linux-gnu/7/crtendS.o /usr/lib/gcc/x86_64-linux-gnu/7/../../../x86_64-linux-gnu/crtn.o]
    arg [/usr/lib/gcc/x86_64-linux-gnu/7/collect2] ==> ignore
    arg [-plugin] ==> ignore
    arg [/usr/lib/gcc/x86_64-linux-gnu/7/liblto_plugin.so] ==> ignore
    arg [-plugin-opt=/usr/lib/gcc/x86_64-linux-gnu/7/lto-wrapper] ==> ignore
    arg [-plugin-opt=-fresolution=/tmp/cccYg8lz.res] ==> ignore
    arg [-plugin-opt=-pass-through=-lgcc_s] ==> ignore
    arg [-plugin-opt=-pass-through=-lgcc] ==> ignore
    arg [-plugin-opt=-pass-through=-lc] ==> ignore
    arg [-plugin-opt=-pass-through=-lgcc_s] ==> ignore
    arg [-plugin-opt=-pass-through=-lgcc] ==> ignore
    arg [--sysroot=/home/keti/KETI_BMC/KETI-APP/sysroots/armv7ahf-vfpv4d16-openbmc-linux-gnueabi] ==> ignore
    arg [--build-id] ==> ignore
    arg [--eh-frame-hdr] ==> ignore
    arg [-m] ==> ignore
    arg [elf_x86_64] ==> ignore
    arg [--hash-style=gnu] ==> ignore
    arg [--as-needed] ==> ignore
    arg [-export-dynamic] ==> ignore
    arg [-dynamic-linker] ==> ignore
    arg [/lib64/ld-linux-x86-64.so.2] ==> ignore
    arg [-pie] ==> ignore
    arg [-znow] ==> ignore
    arg [-zrelro] ==> ignore
    arg [-o] ==> ignore
    arg [cmTC_63cd7] ==> ignore
    arg [/usr/lib/gcc/x86_64-linux-gnu/7/../../../x86_64-linux-gnu/Scrt1.o] ==> obj [/usr/lib/gcc/x86_64-linux-gnu/7/../../../x86_64-linux-gnu/Scrt1.o]
    arg [/usr/lib/gcc/x86_64-linux-gnu/7/../../../x86_64-linux-gnu/crti.o] ==> obj [/usr/lib/gcc/x86_64-linux-gnu/7/../../../x86_64-linux-gnu/crti.o]
    arg [/usr/lib/gcc/x86_64-linux-gnu/7/crtbeginS.o] ==> obj [/usr/lib/gcc/x86_64-linux-gnu/7/crtbeginS.o]
    arg [-L/usr/lib/gcc/x86_64-linux-gnu/7] ==> dir [/usr/lib/gcc/x86_64-linux-gnu/7]
    arg [-L/usr/lib/gcc/x86_64-linux-gnu/7/../../../x86_64-linux-gnu] ==> dir [/usr/lib/gcc/x86_64-linux-gnu/7/../../../x86_64-linux-gnu]
    arg [-L/usr/lib/gcc/x86_64-linux-gnu/7/../../../../lib] ==> dir [/usr/lib/gcc/x86_64-linux-gnu/7/../../../../lib]
    arg [-L/home/keti/KETI_BMC/KETI-APP/sysroots/armv7ahf-vfpv4d16-openbmc-linux-gnueabi/lib/../lib] ==> dir [/home/keti/KETI_BMC/KETI-APP/sysroots/armv7ahf-vfpv4d16-openbmc-linux-gnueabi/lib/../lib]
    arg [-L/home/keti/KETI_BMC/KETI-APP/sysroots/armv7ahf-vfpv4d16-openbmc-linux-gnueabi/usr/lib/../lib] ==> dir [/home/keti/KETI_BMC/KETI-APP/sysroots/armv7ahf-vfpv4d16-openbmc-linux-gnueabi/usr/lib/../lib]
    arg [-L/usr/lib/gcc/x86_64-linux-gnu/7/../../..] ==> dir [/usr/lib/gcc/x86_64-linux-gnu/7/../../..]
    arg [-L/home/keti/KETI_BMC/KETI-APP/sysroots/armv7ahf-vfpv4d16-openbmc-linux-gnueabi/lib] ==> dir [/home/keti/KETI_BMC/KETI-APP/sysroots/armv7ahf-vfpv4d16-openbmc-linux-gnueabi/lib]
    arg [-L/home/keti/KETI_BMC/KETI-APP/sysroots/armv7ahf-vfpv4d16-openbmc-linux-gnueabi/usr/lib] ==> dir [/home/keti/KETI_BMC/KETI-APP/sysroots/armv7ahf-vfpv4d16-openbmc-linux-gnueabi/usr/lib]
    arg [-O1] ==> ignore
    arg [--hash-style=gnu] ==> ignore
    arg [--as-needed] ==> ignore
    arg [-zrelro] ==> ignore
    arg [-znow] ==> ignore
    arg [CMakeFiles/cmTC_63cd7.dir/CMakeCXXCompilerABI.cpp.o] ==> ignore
    arg [-lstdc++] ==> lib [stdc++]
    arg [-lm] ==> lib [m]
    arg [-lgcc_s] ==> lib [gcc_s]
    arg [-lgcc] ==> lib [gcc]
    arg [-lc] ==> lib [c]
    arg [-lgcc_s] ==> lib [gcc_s]
    arg [-lgcc] ==> lib [gcc]
    arg [/usr/lib/gcc/x86_64-linux-gnu/7/crtendS.o] ==> obj [/usr/lib/gcc/x86_64-linux-gnu/7/crtendS.o]
    arg [/usr/lib/gcc/x86_64-linux-gnu/7/../../../x86_64-linux-gnu/crtn.o] ==> obj [/usr/lib/gcc/x86_64-linux-gnu/7/../../../x86_64-linux-gnu/crtn.o]
  collapse obj [/usr/lib/gcc/x86_64-linux-gnu/7/../../../x86_64-linux-gnu/Scrt1.o] ==> [/usr/lib/x86_64-linux-gnu/Scrt1.o]
  collapse obj [/usr/lib/gcc/x86_64-linux-gnu/7/../../../x86_64-linux-gnu/crti.o] ==> [/usr/lib/x86_64-linux-gnu/crti.o]
  collapse obj [/usr/lib/gcc/x86_64-linux-gnu/7/../../../x86_64-linux-gnu/crtn.o] ==> [/usr/lib/x86_64-linux-gnu/crtn.o]
  collapse library dir [/usr/lib/gcc/x86_64-linux-gnu/7] ==> [/usr/lib/gcc/x86_64-linux-gnu/7]
  collapse library dir [/usr/lib/gcc/x86_64-linux-gnu/7/../../../x86_64-linux-gnu] ==> [/usr/lib/x86_64-linux-gnu]
  collapse library dir [/usr/lib/gcc/x86_64-linux-gnu/7/../../../../lib] ==> [/usr/lib]
  collapse library dir [/home/keti/KETI_BMC/KETI-APP/sysroots/armv7ahf-vfpv4d16-openbmc-linux-gnueabi/lib/../lib] ==> [/home/keti/KETI_BMC/KETI-APP/sysroots/armv7ahf-vfpv4d16-openbmc-linux-gnueabi/lib]
  collapse library dir [/home/keti/KETI_BMC/KETI-APP/sysroots/armv7ahf-vfpv4d16-openbmc-linux-gnueabi/usr/lib/../lib] ==> [/home/keti/KETI_BMC/KETI-APP/sysroots/armv7ahf-vfpv4d16-openbmc-linux-gnueabi/usr/lib]
  collapse library dir [/usr/lib/gcc/x86_64-linux-gnu/7/../../..] ==> [/usr/lib]
  collapse library dir [/home/keti/KETI_BMC/KETI-APP/sysroots/armv7ahf-vfpv4d16-openbmc-linux-gnueabi/lib] ==> [/home/keti/KETI_BMC/KETI-APP/sysroots/armv7ahf-vfpv4d16-openbmc-linux-gnueabi/lib]
  collapse library dir [/home/keti/KETI_BMC/KETI-APP/sysroots/armv7ahf-vfpv4d16-openbmc-linux-gnueabi/usr/lib] ==> [/home/keti/KETI_BMC/KETI-APP/sysroots/armv7ahf-vfpv4d16-openbmc-linux-gnueabi/usr/lib]
  implicit libs: [stdc++;m;gcc_s;gcc;c;gcc_s;gcc]
  implicit objs: [/usr/lib/x86_64-linux-gnu/Scrt1.o;/usr/lib/x86_64-linux-gnu/crti.o;/usr/lib/gcc/x86_64-linux-gnu/7/crtbeginS.o;/usr/lib/gcc/x86_64-linux-gnu/7/crtendS.o;/usr/lib/x86_64-linux-gnu/crtn.o]
  implicit dirs: [/usr/lib/gcc/x86_64-linux-gnu/7;/usr/lib/x86_64-linux-gnu;/usr/lib;/home/keti/KETI_BMC/KETI-APP/sysroots/armv7ahf-vfpv4d16-openbmc-linux-gnueabi/lib;/home/keti/KETI_BMC/KETI-APP/sysroots/armv7ahf-vfpv4d16-openbmc-linux-gnueabi/usr/lib]
  implicit fwks: []


